[0.000000] (-) TimerEvent: {}
[0.000330] (robot) JobQueued: {'identifier': 'robot', 'dependencies': OrderedDict()}
[0.000776] (robot) JobStarted: {'identifier': 'robot'}
[0.099645] (-) TimerEvent: {}
[0.199978] (-) TimerEvent: {}
[0.300315] (-) TimerEvent: {}
[0.400760] (-) TimerEvent: {}
[0.501036] (-) TimerEvent: {}
[0.601290] (-) TimerEvent: {}
[0.701549] (-) TimerEvent: {}
[0.801817] (-) TimerEvent: {}
[0.902070] (-) TimerEvent: {}
[1.002369] (-) TimerEvent: {}
[1.051733] (robot) Command: {'cmd': ['/usr/bin/python3', '-W', 'ignore:setup.py install is deprecated', '-W', 'ignore:easy_install command is deprecated', 'setup.py', 'egg_info', '--egg-base', '../../build/robot', 'build', '--build-base', '/home/pi/DIMECA/build/robot/build', 'install', '--record', '/home/pi/DIMECA/build/robot/install.log', '--single-version-externally-managed', 'install_data'], 'cwd': '/home/pi/DIMECA/src/robot', 'env': {'USER': 'pi', 'SSH_CLIENT': '192.168.100.89 40034 22', 'LC_TIME': 'C.UTF-8', 'XDG_SESSION_TYPE': 'tty', 'SHLVL': '1', 'LD_LIBRARY_PATH': '/opt/ros/jazzy/lib/aarch64-linux-gnu:/opt/ros/jazzy/lib', 'HOME': '/home/pi', 'OLDPWD': '/home/pi/DIMECA/src/robot/robot', 'SSH_TTY': '/dev/pts/0', 'ROS_PYTHON_VERSION': '3', 'LC_MONETARY': 'C.UTF-8', 'DBUS_SESSION_BUS_ADDRESS': 'unix:path=/run/user/1000/bus', 'ROS_DISTRO': 'jazzy', 'LOGNAME': 'pi', '_': '/usr/bin/colcon', 'ROS_VERSION': '2', 'XDG_SESSION_CLASS': 'user', 'TERM': 'xterm-256color', 'XDG_SESSION_ID': '9', 'PATH': '/opt/ros/jazzy/bin:/usr/local/sbin:/usr/local/bin:/usr/sbin:/usr/bin:/sbin:/bin:/usr/games:/usr/local/games:/snap/bin', 'LC_ADDRESS': 'C.UTF-8', 'XDG_RUNTIME_DIR': '/run/user/1000', 'LANG': 'C.UTF-8', 'LC_TELEPHONE': 'C.UTF-8', 'AMENT_PREFIX_PATH': '/opt/ros/jazzy', 'SHELL': '/bin/bash', 'LC_NAME': 'C.UTF-8', 'LC_MEASUREMENT': 'C.UTF-8', 'LC_IDENTIFICATION': 'C.UTF-8', 'ROS_AUTOMATIC_DISCOVERY_RANGE': 'SUBNET', 'PWD': '/home/pi/DIMECA/build/robot', 'SSH_CONNECTION': '192.168.100.89 40034 192.168.100.173 22', 'PYTHONPATH': '/home/pi/DIMECA/build/robot/prefix_override:/usr/lib/python3/dist-packages/colcon_core/task/python/colcon_distutils_commands:/home/pi/DIMECA/install/robot/lib/python3.12/site-packages:/opt/ros/jazzy/lib/python3.12/site-packages', 'LC_NUMERIC': 'C.UTF-8', 'LC_PAPER': 'C.UTF-8', 'COLCON': '1'}, 'shell': False}
[1.102470] (-) TimerEvent: {}
[1.202783] (-) TimerEvent: {}
[1.303057] (-) TimerEvent: {}
[1.361392] (robot) StdoutLine: {'line': b'running egg_info\n'}
[1.380490] (robot) StdoutLine: {'line': b'writing ../../build/robot/robot.egg-info/PKG-INFO\n'}
[1.380881] (robot) StdoutLine: {'line': b'writing dependency_links to ../../build/robot/robot.egg-info/dependency_links.txt\n'}
[1.381716] (robot) StdoutLine: {'line': b'writing entry points to ../../build/robot/robot.egg-info/entry_points.txt\n'}
[1.382394] (robot) StdoutLine: {'line': b'writing requirements to ../../build/robot/robot.egg-info/requires.txt\n'}
[1.382997] (robot) StdoutLine: {'line': b'writing top-level names to ../../build/robot/robot.egg-info/top_level.txt\n'}
[1.403120] (-) TimerEvent: {}
[1.424117] (robot) StdoutLine: {'line': b"reading manifest file '../../build/robot/robot.egg-info/SOURCES.txt'\n"}
[1.425102] (robot) StdoutLine: {'line': b"writing manifest file '../../build/robot/robot.egg-info/SOURCES.txt'\n"}
[1.425321] (robot) StdoutLine: {'line': b'running build\n'}
[1.425437] (robot) StdoutLine: {'line': b'running build_py\n'}
[1.425829] (robot) StdoutLine: {'line': b'running install\n'}
[1.434958] (robot) StdoutLine: {'line': b'running install_lib\n'}
[1.455265] (robot) StdoutLine: {'line': b'running install_data\n'}
[1.455407] (robot) StdoutLine: {'line': b'running install_egg_info\n'}
[1.476549] (robot) StdoutLine: {'line': b"removing '/home/pi/DIMECA/install/robot/lib/python3.12/site-packages/robot-0.0.0-py3.12.egg-info' (and everything under it)\n"}
[1.477004] (robot) StdoutLine: {'line': b'Copying ../../build/robot/robot.egg-info to /home/pi/DIMECA/install/robot/lib/python3.12/site-packages/robot-0.0.0-py3.12.egg-info\n'}
[1.478150] (robot) StdoutLine: {'line': b'running install_scripts\n'}
[1.503221] (-) TimerEvent: {}
[1.603474] (-) TimerEvent: {}
[1.622047] (robot) StdoutLine: {'line': b'Installing sequence_node script to /home/pi/DIMECA/install/robot/lib/robot\n'}
[1.622329] (robot) StdoutLine: {'line': b'Installing servo_node script to /home/pi/DIMECA/install/robot/lib/robot\n'}
[1.623344] (robot) StdoutLine: {'line': b"writing list of installed files to '/home/pi/DIMECA/build/robot/install.log'\n"}
[1.703675] (-) TimerEvent: {}
[1.711467] (robot) CommandEnded: {'returncode': 0}
[1.726553] (robot) JobEnded: {'identifier': 'robot', 'rc': 0}
[1.727534] (-) EventReactorShutdown: {}
