[1.064s] Invoking command in '/home/pi/DIMECA/src/robot': PYTHONPATH=/home/pi/DIMECA/build/robot/prefix_override:/usr/lib/python3/dist-packages/colcon_core/task/python/colcon_distutils_commands:/home/pi/DIMECA/install/robot/lib/python3.12/site-packages:${PYTHONPATH} /usr/bin/python3 -W ignore:setup.py install is deprecated -W ignore:easy_install command is deprecated setup.py egg_info --egg-base ../../build/robot build --build-base /home/pi/DIMECA/build/robot/build install --record /home/pi/DIMECA/build/robot/install.log --single-version-externally-managed install_data
[1.368s] running egg_info
[1.387s] writing ../../build/robot/robot.egg-info/PKG-INFO
[1.387s] writing dependency_links to ../../build/robot/robot.egg-info/dependency_links.txt
[1.388s] writing entry points to ../../build/robot/robot.egg-info/entry_points.txt
[1.388s] writing requirements to ../../build/robot/robot.egg-info/requires.txt
[1.390s] writing top-level names to ../../build/robot/robot.egg-info/top_level.txt
[1.431s] reading manifest file '../../build/robot/robot.egg-info/SOURCES.txt'
[1.431s] writing manifest file '../../build/robot/robot.egg-info/SOURCES.txt'
[1.432s] running build
[1.432s] running build_py
[1.432s] copying robot/sequences.py -> /home/pi/DIMECA/build/robot/build/lib/robot
[1.432s] running install
[1.442s] running install_lib
[1.461s] copying /home/pi/DIMECA/build/robot/build/lib/robot/sequences.py -> /home/pi/DIMECA/install/robot/lib/python3.12/site-packages/robot
[1.462s] byte-compiling /home/pi/DIMECA/install/robot/lib/python3.12/site-packages/robot/sequences.py to sequences.cpython-312.pyc
[1.464s] running install_data
[1.464s] running install_egg_info
[1.486s] removing '/home/pi/DIMECA/install/robot/lib/python3.12/site-packages/robot-0.0.0-py3.12.egg-info' (and everything under it)
[1.486s] Copying ../../build/robot/robot.egg-info to /home/pi/DIMECA/install/robot/lib/python3.12/site-packages/robot-0.0.0-py3.12.egg-info
[1.487s] running install_scripts
[1.630s] Installing sequence_node script to /home/pi/DIMECA/install/robot/lib/robot
[1.630s] Installing servo_node script to /home/pi/DIMECA/install/robot/lib/robot
[1.631s] writing list of installed files to '/home/pi/DIMECA/build/robot/install.log'
[1.719s] Invoked command in '/home/pi/DIMECA/src/robot' returned '0': PYTHONPATH=/home/pi/DIMECA/build/robot/prefix_override:/usr/lib/python3/dist-packages/colcon_core/task/python/colcon_distutils_commands:/home/pi/DIMECA/install/robot/lib/python3.12/site-packages:${PYTHONPATH} /usr/bin/python3 -W ignore:setup.py install is deprecated -W ignore:easy_install command is deprecated setup.py egg_info --egg-base ../../build/robot build --build-base /home/pi/DIMECA/build/robot/build install --record /home/pi/DIMECA/build/robot/install.log --single-version-externally-managed install_data
