[0.000000] (-) TimerEvent: {}
[0.000295] (robot) JobQueued: {'identifier': 'robot', 'dependencies': OrderedDict()}
[0.000756] (robot) JobStarted: {'identifier': 'robot'}
[0.099629] (-) TimerEvent: {}
[0.199958] (-) TimerEvent: {}
[0.300258] (-) TimerEvent: {}
[0.400663] (-) TimerEvent: {}
[0.500927] (-) TimerEvent: {}
[0.601158] (-) TimerEvent: {}
[0.701391] (-) TimerEvent: {}
[0.801658] (-) TimerEvent: {}
[0.901924] (-) TimerEvent: {}
[1.002176] (-) TimerEvent: {}
[1.102428] (-) TimerEvent: {}
[1.202683] (-) TimerEvent: {}
[1.302916] (-) TimerEvent: {}
[1.403239] (-) TimerEvent: {}
[1.480757] (robot) Command: {'cmd': ['/usr/bin/python3', '-W', 'ignore:setup.py install is deprecated', '-W', 'ignore:easy_install command is deprecated', 'setup.py', 'egg_info', '--egg-base', '../../build/robot', 'build', '--build-base', '/home/pi/DIMECA/build/robot/build', 'install', '--record', '/home/pi/DIMECA/build/robot/install.log', '--single-version-externally-managed', 'install_data'], 'cwd': '/home/pi/DIMECA/src/robot', 'env': {'USER': 'pi', 'SSH_CLIENT': '192.168.100.89 46096 22', 'LC_TIME': 'C.UTF-8', 'XDG_SESSION_TYPE': 'tty', 'SHLVL': '1', 'LD_LIBRARY_PATH': '/opt/ros/jazzy/lib/aarch64-linux-gnu:/opt/ros/jazzy/lib', 'HOME': '/home/pi', 'OLDPWD': '/home/pi', 'SSH_TTY': '/dev/pts/0', 'ROS_PYTHON_VERSION': '3', 'LC_MONETARY': 'C.UTF-8', 'DBUS_SESSION_BUS_ADDRESS': 'unix:path=/run/user/1000/bus', 'COLCON_PREFIX_PATH': '/home/pi/DIMECA/install', 'ROS_DISTRO': 'jazzy', 'LOGNAME': 'pi', '_': '/usr/bin/colcon', 'ROS_VERSION': '2', 'XDG_SESSION_CLASS': 'user', 'TERM': 'xterm-256color', 'XDG_SESSION_ID': '1', 'PATH': '/opt/ros/jazzy/bin:/usr/local/sbin:/usr/local/bin:/usr/sbin:/usr/bin:/sbin:/bin:/usr/games:/usr/local/games:/snap/bin', 'LC_ADDRESS': 'C.UTF-8', 'XDG_RUNTIME_DIR': '/run/user/1000', 'LANG': 'C.UTF-8', 'LC_TELEPHONE': 'C.UTF-8', 'AMENT_PREFIX_PATH': '/home/pi/DIMECA/install/robot:/opt/ros/jazzy', 'SHELL': '/bin/bash', 'LC_NAME': 'C.UTF-8', 'LC_MEASUREMENT': 'C.UTF-8', 'LC_IDENTIFICATION': 'C.UTF-8', 'ROS_AUTOMATIC_DISCOVERY_RANGE': 'SUBNET', 'PWD': '/home/pi/DIMECA/build/robot', 'SSH_CONNECTION': '192.168.100.89 46096 192.168.100.173 22', 'PYTHONPATH': '/home/pi/DIMECA/build/robot/prefix_override:/usr/lib/python3/dist-packages/colcon_core/task/python/colcon_distutils_commands:/home/pi/DIMECA/install/robot/lib/python3.12/site-packages:/home/pi/DIMECA/install/robot/lib/python3.12/site-packages:/opt/ros/jazzy/lib/python3.12/site-packages', 'LC_NUMERIC': 'C.UTF-8', 'LC_PAPER': 'C.UTF-8', 'COLCON': '1', 'CMAKE_PREFIX_PATH': '/home/pi/DIMECA/install/robot'}, 'shell': False}
[1.503333] (-) TimerEvent: {}
[1.603664] (-) TimerEvent: {}
[1.703920] (-) TimerEvent: {}
[1.796339] (robot) StdoutLine: {'line': b'running egg_info\n'}
[1.803989] (-) TimerEvent: {}
[1.815591] (robot) StdoutLine: {'line': b'writing ../../build/robot/robot.egg-info/PKG-INFO\n'}
[1.816570] (robot) StdoutLine: {'line': b'writing dependency_links to ../../build/robot/robot.egg-info/dependency_links.txt\n'}
[1.819295] (robot) StdoutLine: {'line': b'writing entry points to ../../build/robot/robot.egg-info/entry_points.txt\n'}
[1.819987] (robot) StdoutLine: {'line': b'writing requirements to ../../build/robot/robot.egg-info/requires.txt\n'}
[1.820734] (robot) StdoutLine: {'line': b'writing top-level names to ../../build/robot/robot.egg-info/top_level.txt\n'}
[1.863135] (robot) StdoutLine: {'line': b"reading manifest file '../../build/robot/robot.egg-info/SOURCES.txt'\n"}
[1.864820] (robot) StdoutLine: {'line': b"writing manifest file '../../build/robot/robot.egg-info/SOURCES.txt'\n"}
[1.865042] (robot) StdoutLine: {'line': b'running build\n'}
[1.865160] (robot) StdoutLine: {'line': b'running build_py\n'}
[1.867349] (robot) StdoutLine: {'line': b'copying robot/sequence_node.py -> /home/pi/DIMECA/build/robot/build/lib/robot\n'}
[1.868015] (robot) StdoutLine: {'line': b'copying robot/servo_node.py -> /home/pi/DIMECA/build/robot/build/lib/robot\n'}
[1.868673] (robot) StdoutLine: {'line': b'copying robot/sequences.py -> /home/pi/DIMECA/build/robot/build/lib/robot\n'}
[1.869311] (robot) StdoutLine: {'line': b'running install\n'}
[1.879723] (robot) StdoutLine: {'line': b'running install_lib\n'}
[1.900285] (robot) StdoutLine: {'line': b'copying /home/pi/DIMECA/build/robot/build/lib/robot/sequence_node.py -> /home/pi/DIMECA/install/robot/lib/python3.12/site-packages/robot\n'}
[1.900561] (robot) StdoutLine: {'line': b'copying /home/pi/DIMECA/build/robot/build/lib/robot/servo_node.py -> /home/pi/DIMECA/install/robot/lib/python3.12/site-packages/robot\n'}
[1.900844] (robot) StdoutLine: {'line': b'copying /home/pi/DIMECA/build/robot/build/lib/robot/sequences.py -> /home/pi/DIMECA/install/robot/lib/python3.12/site-packages/robot\n'}
[1.901942] (robot) StdoutLine: {'line': b'byte-compiling /home/pi/DIMECA/install/robot/lib/python3.12/site-packages/robot/sequence_node.py to sequence_node.cpython-312.pyc\n'}
[1.903166] (robot) StdoutLine: {'line': b'byte-compiling /home/pi/DIMECA/install/robot/lib/python3.12/site-packages/robot/servo_node.py to servo_node.cpython-312.pyc\n'}
[1.904054] (-) TimerEvent: {}
[1.904515] (robot) StdoutLine: {'line': b'byte-compiling /home/pi/DIMECA/install/robot/lib/python3.12/site-packages/robot/sequences.py to sequences.cpython-312.pyc\n'}
[1.906945] (robot) StdoutLine: {'line': b'running install_data\n'}
[1.907161] (robot) StdoutLine: {'line': b'running install_egg_info\n'}
[1.929619] (robot) StdoutLine: {'line': b"removing '/home/pi/DIMECA/install/robot/lib/python3.12/site-packages/robot-0.0.0-py3.12.egg-info' (and everything under it)\n"}
[1.930078] (robot) StdoutLine: {'line': b'Copying ../../build/robot/robot.egg-info to /home/pi/DIMECA/install/robot/lib/python3.12/site-packages/robot-0.0.0-py3.12.egg-info\n'}
[1.932027] (robot) StdoutLine: {'line': b'running install_scripts\n'}
[2.004132] (-) TimerEvent: {}
[2.077842] (robot) StdoutLine: {'line': b'Installing sequence_node script to /home/pi/DIMECA/install/robot/lib/robot\n'}
[2.078704] (robot) StdoutLine: {'line': b'Installing servo_node script to /home/pi/DIMECA/install/robot/lib/robot\n'}
[2.080243] (robot) StdoutLine: {'line': b"writing list of installed files to '/home/pi/DIMECA/build/robot/install.log'\n"}
[2.104237] (-) TimerEvent: {}
[2.168924] (robot) CommandEnded: {'returncode': 0}
[2.204629] (-) TimerEvent: {}
[2.206615] (robot) JobEnded: {'identifier': 'robot', 'rc': 0}
[2.207635] (-) EventReactorShutdown: {}
