[0.000000] (-) TimerEvent: {}
[0.000316] (robot) JobQueued: {'identifier': 'robot', 'dependencies': OrderedDict()}
[0.000738] (robot) JobStarted: {'identifier': 'robot'}
[0.099641] (-) TimerEvent: {}
[0.199970] (-) TimerEvent: {}
[0.300244] (-) TimerEvent: {}
[0.400564] (-) TimerEvent: {}
[0.500842] (-) TimerEvent: {}
[0.601053] (-) TimerEvent: {}
[0.701251] (-) TimerEvent: {}
[0.801485] (-) TimerEvent: {}
[0.901726] (-) TimerEvent: {}
[1.002072] (-) TimerEvent: {}
[1.102373] (-) TimerEvent: {}
[1.202622] (-) TimerEvent: {}
[1.302872] (-) TimerEvent: {}
[1.403187] (-) TimerEvent: {}
[1.492912] (robot) Command: {'cmd': ['/usr/bin/python3', '-W', 'ignore:setup.py install is deprecated', '-W', 'ignore:easy_install command is deprecated', 'setup.py', 'egg_info', '--egg-base', '../../build/robot', 'build', '--build-base', '/home/pi/DIMECA/build/robot/build', 'install', '--record', '/home/pi/DIMECA/build/robot/install.log', '--single-version-externally-managed', 'install_data'], 'cwd': '/home/pi/DIMECA/src/robot', 'env': {'USER': 'pi', 'SSH_CLIENT': '192.168.100.89 39300 22', 'LC_TIME': 'C.UTF-8', 'XDG_SESSION_TYPE': 'tty', 'SHLVL': '1', 'LD_LIBRARY_PATH': '/opt/ros/jazzy/lib/aarch64-linux-gnu:/opt/ros/jazzy/lib', 'HOME': '/home/pi', 'OLDPWD': '/home/pi', 'SSH_TTY': '/dev/pts/0', 'ROS_PYTHON_VERSION': '3', 'LC_MONETARY': 'C.UTF-8', 'DBUS_SESSION_BUS_ADDRESS': 'unix:path=/run/user/1000/bus', 'ROS_DISTRO': 'jazzy', 'LOGNAME': 'pi', '_': '/usr/bin/colcon', 'ROS_VERSION': '2', 'XDG_SESSION_CLASS': 'user', 'TERM': 'xterm-256color', 'XDG_SESSION_ID': '1', 'PATH': '/opt/ros/jazzy/bin:/usr/local/sbin:/usr/local/bin:/usr/sbin:/usr/bin:/sbin:/bin:/usr/games:/usr/local/games:/snap/bin', 'LC_ADDRESS': 'C.UTF-8', 'XDG_RUNTIME_DIR': '/run/user/1000', 'LANG': 'C.UTF-8', 'LC_TELEPHONE': 'C.UTF-8', 'AMENT_PREFIX_PATH': '/opt/ros/jazzy', 'SHELL': '/bin/bash', 'LC_NAME': 'C.UTF-8', 'LC_MEASUREMENT': 'C.UTF-8', 'LC_IDENTIFICATION': 'C.UTF-8', 'ROS_AUTOMATIC_DISCOVERY_RANGE': 'SUBNET', 'PWD': '/home/pi/DIMECA/build/robot', 'SSH_CONNECTION': '192.168.100.89 39300 192.168.100.173 22', 'PYTHONPATH': '/home/pi/DIMECA/build/robot/prefix_override:/usr/lib/python3/dist-packages/colcon_core/task/python/colcon_distutils_commands:/home/pi/DIMECA/install/robot/lib/python3.12/site-packages:/opt/ros/jazzy/lib/python3.12/site-packages', 'LC_NUMERIC': 'C.UTF-8', 'LC_PAPER': 'C.UTF-8', 'COLCON': '1'}, 'shell': False}
[1.503266] (-) TimerEvent: {}
[1.603605] (-) TimerEvent: {}
[1.703915] (-) TimerEvent: {}
[1.804144] (-) TimerEvent: {}
[1.807303] (robot) StdoutLine: {'line': b'running egg_info\n'}
[1.826477] (robot) StdoutLine: {'line': b'writing ../../build/robot/robot.egg-info/PKG-INFO\n'}
[1.827450] (robot) StdoutLine: {'line': b'writing dependency_links to ../../build/robot/robot.egg-info/dependency_links.txt\n'}
[1.828910] (robot) StdoutLine: {'line': b'writing entry points to ../../build/robot/robot.egg-info/entry_points.txt\n'}
[1.829606] (robot) StdoutLine: {'line': b'writing requirements to ../../build/robot/robot.egg-info/requires.txt\n'}
[1.830353] (robot) StdoutLine: {'line': b'writing top-level names to ../../build/robot/robot.egg-info/top_level.txt\n'}
[1.872154] (robot) StdoutLine: {'line': b"reading manifest file '../../build/robot/robot.egg-info/SOURCES.txt'\n"}
[1.873885] (robot) StdoutLine: {'line': b"writing manifest file '../../build/robot/robot.egg-info/SOURCES.txt'\n"}
[1.874111] (robot) StdoutLine: {'line': b'running build\n'}
[1.874227] (robot) StdoutLine: {'line': b'running build_py\n'}
[1.876813] (robot) StdoutLine: {'line': b'running install\n'}
[1.886389] (robot) StdoutLine: {'line': b'running install_lib\n'}
[1.904207] (-) TimerEvent: {}
[1.908830] (robot) StdoutLine: {'line': b'running install_data\n'}
[1.909923] (robot) StdoutLine: {'line': b'running install_egg_info\n'}
[1.932052] (robot) StdoutLine: {'line': b"removing '/home/pi/DIMECA/install/robot/lib/python3.12/site-packages/robot-0.0.0-py3.12.egg-info' (and everything under it)\n"}
[1.932504] (robot) StdoutLine: {'line': b'Copying ../../build/robot/robot.egg-info to /home/pi/DIMECA/install/robot/lib/python3.12/site-packages/robot-0.0.0-py3.12.egg-info\n'}
[1.934272] (robot) StdoutLine: {'line': b'running install_scripts\n'}
[2.004284] (-) TimerEvent: {}
[2.079522] (robot) StdoutLine: {'line': b'Installing sequence_node script to /home/pi/DIMECA/install/robot/lib/robot\n'}
[2.080257] (robot) StdoutLine: {'line': b'Installing servo_node script to /home/pi/DIMECA/install/robot/lib/robot\n'}
[2.081867] (robot) StdoutLine: {'line': b"writing list of installed files to '/home/pi/DIMECA/build/robot/install.log'\n"}
[2.104409] (-) TimerEvent: {}
[2.170323] (robot) CommandEnded: {'returncode': 0}
[2.204477] (-) TimerEvent: {}
[2.209900] (robot) JobEnded: {'identifier': 'robot', 'rc': 0}
[2.210919] (-) EventReactorShutdown: {}
