[1.484s] Invoking command in '/home/pi/DIMECA/src/robot': PYTHONPATH=/home/pi/DIMECA/build/robot/prefix_override:/usr/lib/python3/dist-packages/colcon_core/task/python/colcon_distutils_commands:/home/pi/DIMECA/install/robot/lib/python3.12/site-packages:${PYTHONPATH} /usr/bin/python3 -W ignore:setup.py install is deprecated -W ignore:easy_install command is deprecated setup.py egg_info --egg-base ../../build/robot build --build-base /home/pi/DIMECA/build/robot/build install --record /home/pi/DIMECA/build/robot/install.log --single-version-externally-managed install_data
[1.795s] running egg_info
[1.815s] writing ../../build/robot/robot.egg-info/PKG-INFO
[1.816s] writing dependency_links to ../../build/robot/robot.egg-info/dependency_links.txt
[1.818s] writing entry points to ../../build/robot/robot.egg-info/entry_points.txt
[1.819s] writing requirements to ../../build/robot/robot.egg-info/requires.txt
[1.820s] writing top-level names to ../../build/robot/robot.egg-info/top_level.txt
[1.862s] reading manifest file '../../build/robot/robot.egg-info/SOURCES.txt'
[1.864s] writing manifest file '../../build/robot/robot.egg-info/SOURCES.txt'
[1.864s] running build
[1.864s] running build_py
[1.866s] copying robot/sequence_node.py -> /home/pi/DIMECA/build/robot/build/lib/robot
[1.867s] copying robot/servo_node.py -> /home/pi/DIMECA/build/robot/build/lib/robot
[1.868s] copying robot/sequences.py -> /home/pi/DIMECA/build/robot/build/lib/robot
[1.868s] running install
[1.879s] running install_lib
[1.899s] copying /home/pi/DIMECA/build/robot/build/lib/robot/sequence_node.py -> /home/pi/DIMECA/install/robot/lib/python3.12/site-packages/robot
[1.900s] copying /home/pi/DIMECA/build/robot/build/lib/robot/servo_node.py -> /home/pi/DIMECA/install/robot/lib/python3.12/site-packages/robot
[1.900s] copying /home/pi/DIMECA/build/robot/build/lib/robot/sequences.py -> /home/pi/DIMECA/install/robot/lib/python3.12/site-packages/robot
[1.901s] byte-compiling /home/pi/DIMECA/install/robot/lib/python3.12/site-packages/robot/sequence_node.py to sequence_node.cpython-312.pyc
[1.902s] byte-compiling /home/pi/DIMECA/install/robot/lib/python3.12/site-packages/robot/servo_node.py to servo_node.cpython-312.pyc
[1.904s] byte-compiling /home/pi/DIMECA/install/robot/lib/python3.12/site-packages/robot/sequences.py to sequences.cpython-312.pyc
[1.906s] running install_data
[1.906s] running install_egg_info
[1.929s] removing '/home/pi/DIMECA/install/robot/lib/python3.12/site-packages/robot-0.0.0-py3.12.egg-info' (and everything under it)
[1.929s] Copying ../../build/robot/robot.egg-info to /home/pi/DIMECA/install/robot/lib/python3.12/site-packages/robot-0.0.0-py3.12.egg-info
[1.931s] running install_scripts
[2.077s] Installing sequence_node script to /home/pi/DIMECA/install/robot/lib/robot
[2.078s] Installing servo_node script to /home/pi/DIMECA/install/robot/lib/robot
[2.079s] writing list of installed files to '/home/pi/DIMECA/build/robot/install.log'
[2.168s] Invoked command in '/home/pi/DIMECA/src/robot' returned '0': PYTHONPATH=/home/pi/DIMECA/build/robot/prefix_override:/usr/lib/python3/dist-packages/colcon_core/task/python/colcon_distutils_commands:/home/pi/DIMECA/install/robot/lib/python3.12/site-packages:${PYTHONPATH} /usr/bin/python3 -W ignore:setup.py install is deprecated -W ignore:easy_install command is deprecated setup.py egg_info --egg-base ../../build/robot build --build-base /home/pi/DIMECA/build/robot/build install --record /home/pi/DIMECA/build/robot/install.log --single-version-externally-managed install_data
