[0.005s] Invoking command in '/home/jamorett/DIMECA/build/robot': CMAKE_PREFIX_PATH=${CMAKE_PREFIX_PATH}:/home/jamorett/ros2_ws/install/turtle_controller:/opt/ros/humble /usr/bin/cmake /home/jamorett/DIMECA/src/robot -DCMAKE_INSTALL_PREFIX=/home/jamorett/DIMECA/install/robot
[0.037s] -- The C compiler identification is GNU 11.4.0
[0.067s] -- The CXX compiler identification is GNU 11.4.0
[0.071s] -- Detecting C compiler ABI info
[0.111s] -- Detecting C compiler ABI info - done
[0.115s] -- Check for working C compiler: /usr/bin/cc - skipped
[0.115s] -- Detecting C compile features
[0.115s] -- Detecting C compile features - done
[0.117s] -- Detecting CXX compiler ABI info
[0.161s] -- Detecting CXX compiler ABI info - done
[0.165s] -- Check for working CXX compiler: /usr/bin/c++ - skipped
[0.165s] -- Detecting CXX compile features
[0.166s] -- Detecting CXX compile features - done
[0.167s] -- Found ament_cmake: 1.3.11 (/opt/ros/humble/share/ament_cmake/cmake)
[0.252s] -- Found Python3: /usr/bin/python3 (found version "3.10.12") found components: Interpreter 
[0.304s] -- Found rclcpp: 16.0.12 (/opt/ros/humble/share/rclcpp/cmake)
[0.326s] -- Found rosidl_generator_c: 3.1.6 (/opt/ros/humble/share/rosidl_generator_c/cmake)
[0.328s] -- Found rosidl_adapter: 3.1.6 (/opt/ros/humble/share/rosidl_adapter/cmake)
[0.332s] -- Found rosidl_generator_cpp: 3.1.6 (/opt/ros/humble/share/rosidl_generator_cpp/cmake)
[0.338s] -- Using all available rosidl_typesupport_c: rosidl_typesupport_fastrtps_c;rosidl_typesupport_introspection_c
[0.347s] -- Using all available rosidl_typesupport_cpp: rosidl_typesupport_fastrtps_cpp;rosidl_typesupport_introspection_cpp
[0.369s] -- Found rmw_implementation_cmake: 6.1.2 (/opt/ros/humble/share/rmw_implementation_cmake/cmake)
[0.370s] -- Found rmw_fastrtps_cpp: 6.2.7 (/opt/ros/humble/share/rmw_fastrtps_cpp/cmake)
[0.419s] -- Found OpenSSL: /usr/lib/x86_64-linux-gnu/libcrypto.so (found version "3.0.2")  
[0.434s] -- Found FastRTPS: /opt/ros/humble/include  
[0.459s] -- Using RMW implementation 'rmw_fastrtps_cpp' as default
[0.464s] -- Looking for pthread.h
[0.507s] -- Looking for pthread.h - found
[0.508s] -- Performing Test CMAKE_HAVE_LIBC_PTHREAD
[0.550s] -- Performing Test CMAKE_HAVE_LIBC_PTHREAD - Success
[0.551s] -- Found Threads: TRUE  
[0.578s] -- Found ament_lint_auto: 0.12.12 (/opt/ros/humble/share/ament_lint_auto/cmake)
[0.619s] -- Added test 'lint_cmake' to check CMake code style
[0.619s] -- Added test 'xmllint' to check XML markup files
[0.620s] -- Configuring done
[0.622s] -- Generating done
[0.623s] -- Build files have been written to: /home/jamorett/DIMECA/build/robot
[0.628s] Invoked command in '/home/jamorett/DIMECA/build/robot' returned '0': CMAKE_PREFIX_PATH=${CMAKE_PREFIX_PATH}:/home/jamorett/ros2_ws/install/turtle_controller:/opt/ros/humble /usr/bin/cmake /home/jamorett/DIMECA/src/robot -DCMAKE_INSTALL_PREFIX=/home/jamorett/DIMECA/install/robot
[0.629s] Invoking command in '/home/jamorett/DIMECA/build/robot': CMAKE_PREFIX_PATH=${CMAKE_PREFIX_PATH}:/home/jamorett/ros2_ws/install/turtle_controller:/opt/ros/humble /usr/bin/cmake --build /home/jamorett/DIMECA/build/robot -- -j16 -l16
[0.652s] Invoked command in '/home/jamorett/DIMECA/build/robot' returned '0': CMAKE_PREFIX_PATH=${CMAKE_PREFIX_PATH}:/home/jamorett/ros2_ws/install/turtle_controller:/opt/ros/humble /usr/bin/cmake --build /home/jamorett/DIMECA/build/robot -- -j16 -l16
[0.657s] Invoking command in '/home/jamorett/DIMECA/build/robot': CMAKE_PREFIX_PATH=${CMAKE_PREFIX_PATH}:/home/jamorett/ros2_ws/install/turtle_controller:/opt/ros/humble /usr/bin/cmake --install /home/jamorett/DIMECA/build/robot
[0.661s] -- Install configuration: ""
[0.661s] -- Installing: /home/jamorett/DIMECA/install/robot/share/ament_index/resource_index/package_run_dependencies/robot
[0.661s] -- Installing: /home/jamorett/DIMECA/install/robot/share/ament_index/resource_index/parent_prefix_path/robot
[0.661s] -- Installing: /home/jamorett/DIMECA/install/robot/share/robot/environment/ament_prefix_path.sh
[0.661s] -- Installing: /home/jamorett/DIMECA/install/robot/share/robot/environment/ament_prefix_path.dsv
[0.662s] -- Installing: /home/jamorett/DIMECA/install/robot/share/robot/environment/path.sh
[0.662s] -- Installing: /home/jamorett/DIMECA/install/robot/share/robot/environment/path.dsv
[0.662s] -- Installing: /home/jamorett/DIMECA/install/robot/share/robot/local_setup.bash
[0.662s] -- Installing: /home/jamorett/DIMECA/install/robot/share/robot/local_setup.sh
[0.662s] -- Installing: /home/jamorett/DIMECA/install/robot/share/robot/local_setup.zsh
[0.662s] -- Installing: /home/jamorett/DIMECA/install/robot/share/robot/local_setup.dsv
[0.662s] -- Installing: /home/jamorett/DIMECA/install/robot/share/robot/package.dsv
[0.662s] -- Installing: /home/jamorett/DIMECA/install/robot/share/ament_index/resource_index/packages/robot
[0.662s] -- Installing: /home/jamorett/DIMECA/install/robot/share/robot/cmake/robotConfig.cmake
[0.662s] -- Installing: /home/jamorett/DIMECA/install/robot/share/robot/cmake/robotConfig-version.cmake
[0.662s] -- Installing: /home/jamorett/DIMECA/install/robot/share/robot/package.xml
[0.664s] Invoked command in '/home/jamorett/DIMECA/build/robot' returned '0': CMAKE_PREFIX_PATH=${CMAKE_PREFIX_PATH}:/home/jamorett/ros2_ws/install/turtle_controller:/opt/ros/humble /usr/bin/cmake --install /home/jamorett/DIMECA/build/robot
