[1.064s] Invoking command in '/home/pi/DIMECA/src/robot': PYTHONPATH=/home/pi/DIMECA/build/robot/prefix_override:/usr/lib/python3/dist-packages/colcon_core/task/python/colcon_distutils_commands:/home/pi/DIMECA/install/robot/lib/python3.12/site-packages:${PYTHONPATH} /usr/bin/python3 -W ignore:setup.py install is deprecated -W ignore:easy_install command is deprecated setup.py egg_info --egg-base ../../build/robot build --build-base /home/pi/DIMECA/build/robot/build install --record /home/pi/DIMECA/build/robot/install.log --single-version-externally-managed install_data
[1.372s] running egg_info
[1.391s] writing ../../build/robot/robot.egg-info/PKG-INFO
[1.391s] writing dependency_links to ../../build/robot/robot.egg-info/dependency_links.txt
[1.392s] writing entry points to ../../build/robot/robot.egg-info/entry_points.txt
[1.393s] writing requirements to ../../build/robot/robot.egg-info/requires.txt
[1.394s] writing top-level names to ../../build/robot/robot.egg-info/top_level.txt
[1.436s] reading manifest file '../../build/robot/robot.egg-info/SOURCES.txt'
[1.437s] writing manifest file '../../build/robot/robot.egg-info/SOURCES.txt'
[1.437s] running build
[1.437s] running build_py
[1.437s] copying robot/sequence_node.py -> /home/pi/DIMECA/build/robot/build/lib/robot
[1.438s] copying robot/sequences.py -> /home/pi/DIMECA/build/robot/build/lib/robot
[1.438s] running install
[1.447s] running install_lib
[1.467s] copying /home/pi/DIMECA/build/robot/build/lib/robot/sequence_node.py -> /home/pi/DIMECA/install/robot/lib/python3.12/site-packages/robot
[1.467s] copying /home/pi/DIMECA/build/robot/build/lib/robot/sequences.py -> /home/pi/DIMECA/install/robot/lib/python3.12/site-packages/robot
[1.468s] byte-compiling /home/pi/DIMECA/install/robot/lib/python3.12/site-packages/robot/sequence_node.py to sequence_node.cpython-312.pyc
[1.469s] byte-compiling /home/pi/DIMECA/install/robot/lib/python3.12/site-packages/robot/sequences.py to sequences.cpython-312.pyc
[1.470s] running install_data
[1.470s] running install_egg_info
[1.492s] removing '/home/pi/DIMECA/install/robot/lib/python3.12/site-packages/robot-0.0.0-py3.12.egg-info' (and everything under it)
[1.492s] Copying ../../build/robot/robot.egg-info to /home/pi/DIMECA/install/robot/lib/python3.12/site-packages/robot-0.0.0-py3.12.egg-info
[1.493s] running install_scripts
[1.637s] Installing sequence_node script to /home/pi/DIMECA/install/robot/lib/robot
[1.637s] Installing servo_node script to /home/pi/DIMECA/install/robot/lib/robot
[1.638s] writing list of installed files to '/home/pi/DIMECA/build/robot/install.log'
[1.727s] Invoked command in '/home/pi/DIMECA/src/robot' returned '0': PYTHONPATH=/home/pi/DIMECA/build/robot/prefix_override:/usr/lib/python3/dist-packages/colcon_core/task/python/colcon_distutils_commands:/home/pi/DIMECA/install/robot/lib/python3.12/site-packages:${PYTHONPATH} /usr/bin/python3 -W ignore:setup.py install is deprecated -W ignore:easy_install command is deprecated setup.py egg_info --egg-base ../../build/robot build --build-base /home/pi/DIMECA/build/robot/build install --record /home/pi/DIMECA/build/robot/install.log --single-version-externally-managed install_data
