[1.497s] Invoking command in '/home/pi/DIMECA/src/robot': PYTHONPATH=/home/pi/DIMECA/build/robot/prefix_override:/usr/lib/python3/dist-packages/colcon_core/task/python/colcon_distutils_commands:/home/pi/DIMECA/install/robot/lib/python3.12/site-packages:${PYTHONPATH} /usr/bin/python3 -W ignore:setup.py install is deprecated -W ignore:easy_install command is deprecated setup.py egg_info --egg-base ../../build/robot build --build-base /home/pi/DIMECA/build/robot/build install --record /home/pi/DIMECA/build/robot/install.log --single-version-externally-managed install_data
[1.807s] running egg_info
[1.826s] writing ../../build/robot/robot.egg-info/PKG-INFO
[1.827s] writing dependency_links to ../../build/robot/robot.egg-info/dependency_links.txt
[1.828s] writing entry points to ../../build/robot/robot.egg-info/entry_points.txt
[1.829s] writing requirements to ../../build/robot/robot.egg-info/requires.txt
[1.830s] writing top-level names to ../../build/robot/robot.egg-info/top_level.txt
[1.872s] reading manifest file '../../build/robot/robot.egg-info/SOURCES.txt'
[1.873s] writing manifest file '../../build/robot/robot.egg-info/SOURCES.txt'
[1.873s] running build
[1.874s] running build_py
[1.876s] running install
[1.886s] running install_lib
[1.908s] running install_data
[1.909s] running install_egg_info
[1.931s] removing '/home/pi/DIMECA/install/robot/lib/python3.12/site-packages/robot-0.0.0-py3.12.egg-info' (and everything under it)
[1.932s] Copying ../../build/robot/robot.egg-info to /home/pi/DIMECA/install/robot/lib/python3.12/site-packages/robot-0.0.0-py3.12.egg-info
[1.934s] running install_scripts
[2.079s] Installing sequence_node script to /home/pi/DIMECA/install/robot/lib/robot
[2.080s] Installing servo_node script to /home/pi/DIMECA/install/robot/lib/robot
[2.081s] writing list of installed files to '/home/pi/DIMECA/build/robot/install.log'
[2.170s] Invoked command in '/home/pi/DIMECA/src/robot' returned '0': PYTHONPATH=/home/pi/DIMECA/build/robot/prefix_override:/usr/lib/python3/dist-packages/colcon_core/task/python/colcon_distutils_commands:/home/pi/DIMECA/install/robot/lib/python3.12/site-packages:${PYTHONPATH} /usr/bin/python3 -W ignore:setup.py install is deprecated -W ignore:easy_install command is deprecated setup.py egg_info --egg-base ../../build/robot build --build-base /home/pi/DIMECA/build/robot/build install --record /home/pi/DIMECA/build/robot/install.log --single-version-externally-managed install_data
