[1.052s] Invoking command in '/home/pi/DIMECA/src/robot': PYTHONPATH=/home/pi/DIMECA/build/robot/prefix_override:/usr/lib/python3/dist-packages/colcon_core/task/python/colcon_distutils_commands:/home/pi/DIMECA/install/robot/lib/python3.12/site-packages:${PYTHONPATH} /usr/bin/python3 -W ignore:setup.py install is deprecated -W ignore:easy_install command is deprecated setup.py egg_info --egg-base ../../build/robot build --build-base /home/pi/DIMECA/build/robot/build install --record /home/pi/DIMECA/build/robot/install.log --single-version-externally-managed install_data
[1.357s] running egg_info
[1.376s] writing ../../build/robot/robot.egg-info/PKG-INFO
[1.377s] writing dependency_links to ../../build/robot/robot.egg-info/dependency_links.txt
[1.378s] writing entry points to ../../build/robot/robot.egg-info/entry_points.txt
[1.378s] writing requirements to ../../build/robot/robot.egg-info/requires.txt
[1.379s] writing top-level names to ../../build/robot/robot.egg-info/top_level.txt
[1.420s] reading manifest file '../../build/robot/robot.egg-info/SOURCES.txt'
[1.421s] writing manifest file '../../build/robot/robot.egg-info/SOURCES.txt'
[1.421s] running build
[1.421s] running build_py
[1.422s] copying robot/sequences.py -> /home/pi/DIMECA/build/robot/build/lib/robot
[1.422s] running install
[1.431s] running install_lib
[1.451s] copying /home/pi/DIMECA/build/robot/build/lib/robot/sequences.py -> /home/pi/DIMECA/install/robot/lib/python3.12/site-packages/robot
[1.452s] byte-compiling /home/pi/DIMECA/install/robot/lib/python3.12/site-packages/robot/sequences.py to sequences.cpython-312.pyc
[1.454s] running install_data
[1.454s] running install_egg_info
[1.476s] removing '/home/pi/DIMECA/install/robot/lib/python3.12/site-packages/robot-0.0.0-py3.12.egg-info' (and everything under it)
[1.476s] Copying ../../build/robot/robot.egg-info to /home/pi/DIMECA/install/robot/lib/python3.12/site-packages/robot-0.0.0-py3.12.egg-info
[1.477s] running install_scripts
[1.621s] Installing sequence_node script to /home/pi/DIMECA/install/robot/lib/robot
[1.622s] Installing servo_node script to /home/pi/DIMECA/install/robot/lib/robot
[1.623s] writing list of installed files to '/home/pi/DIMECA/build/robot/install.log'
[1.711s] Invoked command in '/home/pi/DIMECA/src/robot' returned '0': PYTHONPATH=/home/pi/DIMECA/build/robot/prefix_override:/usr/lib/python3/dist-packages/colcon_core/task/python/colcon_distutils_commands:/home/pi/DIMECA/install/robot/lib/python3.12/site-packages:${PYTHONPATH} /usr/bin/python3 -W ignore:setup.py install is deprecated -W ignore:easy_install command is deprecated setup.py egg_info --egg-base ../../build/robot build --build-base /home/pi/DIMECA/build/robot/build install --record /home/pi/DIMECA/build/robot/install.log --single-version-externally-managed install_data
