[0.000000] (-) TimerEvent: {}
[0.000423] (robot) JobQueued: {'identifier': 'robot', 'dependencies': OrderedDict()}
[0.000716] (robot) JobStarted: {'identifier': 'robot'}
[0.099682] (-) TimerEvent: {}
[0.200023] (-) TimerEvent: {}
[0.300372] (-) TimerEvent: {}
[0.400771] (-) TimerEvent: {}
[0.501058] (-) TimerEvent: {}
[0.601332] (-) TimerEvent: {}
[0.701610] (-) TimerEvent: {}
[0.801899] (-) TimerEvent: {}
[0.902188] (-) TimerEvent: {}
[1.002486] (-) TimerEvent: {}
[1.102768] (-) TimerEvent: {}
[1.203003] (-) TimerEvent: {}
[1.303217] (-) TimerEvent: {}
[1.403494] (-) TimerEvent: {}
[1.466739] (robot) Command: {'cmd': ['/usr/bin/python3', '-W', 'ignore:setup.py install is deprecated', '-W', 'ignore:easy_install command is deprecated', 'setup.py', 'egg_info', '--egg-base', '../../build/robot', 'build', '--build-base', '/home/pi/DIMECA/build/robot/build', 'install', '--record', '/home/pi/DIMECA/build/robot/install.log', '--single-version-externally-managed', 'install_data'], 'cwd': '/home/pi/DIMECA/src/robot', 'env': {'USER': 'pi', 'SSH_CLIENT': '192.168.100.89 47832 22', 'LC_TIME': 'C.UTF-8', 'XDG_SESSION_TYPE': 'tty', 'SHLVL': '1', 'LD_LIBRARY_PATH': '/opt/ros/jazzy/lib/aarch64-linux-gnu:/opt/ros/jazzy/lib', 'HOME': '/home/pi', 'OLDPWD': '/home/pi', 'SSH_TTY': '/dev/pts/1', 'ROS_PYTHON_VERSION': '3', 'LC_MONETARY': 'C.UTF-8', 'DBUS_SESSION_BUS_ADDRESS': 'unix:path=/run/user/1000/bus', 'ROS_DISTRO': 'jazzy', 'LOGNAME': 'pi', '_': '/usr/bin/colcon', 'ROS_VERSION': '2', 'XDG_SESSION_CLASS': 'user', 'TERM': 'xterm-256color', 'XDG_SESSION_ID': '4', 'PATH': '/opt/ros/jazzy/bin:/usr/local/sbin:/usr/local/bin:/usr/sbin:/usr/bin:/sbin:/bin:/usr/games:/usr/local/games:/snap/bin', 'LC_ADDRESS': 'C.UTF-8', 'XDG_RUNTIME_DIR': '/run/user/1000', 'LANG': 'C.UTF-8', 'LC_TELEPHONE': 'C.UTF-8', 'AMENT_PREFIX_PATH': '/opt/ros/jazzy', 'SHELL': '/bin/bash', 'LC_NAME': 'C.UTF-8', 'LC_MEASUREMENT': 'C.UTF-8', 'LC_IDENTIFICATION': 'C.UTF-8', 'ROS_AUTOMATIC_DISCOVERY_RANGE': 'SUBNET', 'PWD': '/home/pi/DIMECA/build/robot', 'SSH_CONNECTION': '192.168.100.89 47832 192.168.100.173 22', 'PYTHONPATH': '/home/pi/DIMECA/build/robot/prefix_override:/usr/lib/python3/dist-packages/colcon_core/task/python/colcon_distutils_commands:/home/pi/DIMECA/install/robot/lib/python3.12/site-packages:/opt/ros/jazzy/lib/python3.12/site-packages', 'LC_NUMERIC': 'C.UTF-8', 'LC_PAPER': 'C.UTF-8', 'COLCON': '1'}, 'shell': False}
[1.503603] (-) TimerEvent: {}
[1.603975] (-) TimerEvent: {}
[1.704235] (-) TimerEvent: {}
[1.775700] (robot) StdoutLine: {'line': b'running egg_info\n'}
[1.776225] (robot) StdoutLine: {'line': b'creating ../../build/robot/robot.egg-info\n'}
[1.794915] (robot) StdoutLine: {'line': b'writing ../../build/robot/robot.egg-info/PKG-INFO\n'}
[1.795301] (robot) StdoutLine: {'line': b'writing dependency_links to ../../build/robot/robot.egg-info/dependency_links.txt\n'}
[1.795518] (robot) StdoutLine: {'line': b'writing entry points to ../../build/robot/robot.egg-info/entry_points.txt\n'}
[1.795668] (robot) StdoutLine: {'line': b'writing requirements to ../../build/robot/robot.egg-info/requires.txt\n'}
[1.795767] (robot) StdoutLine: {'line': b'writing top-level names to ../../build/robot/robot.egg-info/top_level.txt\n'}
[1.795913] (robot) StdoutLine: {'line': b"writing manifest file '../../build/robot/robot.egg-info/SOURCES.txt'\n"}
[1.804295] (-) TimerEvent: {}
[1.834838] (robot) StdoutLine: {'line': b"reading manifest file '../../build/robot/robot.egg-info/SOURCES.txt'\n"}
[1.835656] (robot) StdoutLine: {'line': b"writing manifest file '../../build/robot/robot.egg-info/SOURCES.txt'\n"}
[1.835859] (robot) StdoutLine: {'line': b'running build\n'}
[1.835956] (robot) StdoutLine: {'line': b'running build_py\n'}
[1.836120] (robot) StdoutLine: {'line': b'creating /home/pi/DIMECA/build/robot/build\n'}
[1.836247] (robot) StdoutLine: {'line': b'creating /home/pi/DIMECA/build/robot/build/lib\n'}
[1.836354] (robot) StdoutLine: {'line': b'creating /home/pi/DIMECA/build/robot/build/lib/robot\n'}
[1.836454] (robot) StdoutLine: {'line': b'copying robot/servo_node.py -> /home/pi/DIMECA/build/robot/build/lib/robot\n'}
[1.836647] (robot) StdoutLine: {'line': b'copying robot/__init__.py -> /home/pi/DIMECA/build/robot/build/lib/robot\n'}
[1.836901] (robot) StdoutLine: {'line': b'running install\n'}
[1.846052] (robot) StdoutLine: {'line': b'running install_lib\n'}
[1.865680] (robot) StdoutLine: {'line': b'creating /home/pi/DIMECA/install/robot/lib/python3.12/site-packages/robot\n'}
[1.865844] (robot) StdoutLine: {'line': b'copying /home/pi/DIMECA/build/robot/build/lib/robot/servo_node.py -> /home/pi/DIMECA/install/robot/lib/python3.12/site-packages/robot\n'}
[1.866034] (robot) StdoutLine: {'line': b'copying /home/pi/DIMECA/build/robot/build/lib/robot/__init__.py -> /home/pi/DIMECA/install/robot/lib/python3.12/site-packages/robot\n'}
[1.866738] (robot) StdoutLine: {'line': b'byte-compiling /home/pi/DIMECA/install/robot/lib/python3.12/site-packages/robot/servo_node.py to servo_node.cpython-312.pyc\n'}
[1.867971] (robot) StdoutLine: {'line': b'byte-compiling /home/pi/DIMECA/install/robot/lib/python3.12/site-packages/robot/__init__.py to __init__.cpython-312.pyc\n'}
[1.868238] (robot) StdoutLine: {'line': b'running install_data\n'}
[1.868422] (robot) StdoutLine: {'line': b'running install_egg_info\n'}
[1.889719] (robot) StdoutLine: {'line': b'Copying ../../build/robot/robot.egg-info to /home/pi/DIMECA/install/robot/lib/python3.12/site-packages/robot-0.0.0-py3.12.egg-info\n'}
[1.890912] (robot) StdoutLine: {'line': b'running install_scripts\n'}
[1.904362] (-) TimerEvent: {}
[2.004564] (-) TimerEvent: {}
[2.036250] (robot) StdoutLine: {'line': b'Installing servo_node script to /home/pi/DIMECA/install/robot/lib/robot\n'}
[2.036754] (robot) StdoutLine: {'line': b"writing list of installed files to '/home/pi/DIMECA/build/robot/install.log'\n"}
[2.104686] (-) TimerEvent: {}
[2.124750] (robot) CommandEnded: {'returncode': 0}
[2.159235] (robot) JobEnded: {'identifier': 'robot', 'rc': 0}
[2.160201] (-) EventReactorShutdown: {}
